PID:31456 - 24-Mar-19 00:38:28 - INFO: Log file created
PID:31456 - 24-Mar-19 00:38:28 - INFO: Input and Output directories found
PID:31456 - 24-Mar-19 00:38:31 - INFO: Retrieving the files in the input folder
PID:31456 - 24-Mar-19 00:38:31 - INFO: Processing completed for File: C:\Consensus\Input\Empower.csv
PID:31456 - 24-Mar-19 00:41:03 - INFO: Retrieving the files in the input folder
PID:31456 - 24-Mar-19 00:41:03 - INFO: Processing completed for File: C:\Consensus\Input\Empower.csv
PID:31456 - 24-Mar-19 00:41:03 - INFO: Processing Completed Successfully
PID:31456 - 24-Mar-19 00:41:03 - INFO: Retrieving the files in the input folder
PID:31456 - 24-Mar-19 00:41:03 - INFO: Processing completed for File: C:\Consensus\Input\RMO Columns.csv
PID:31456 - 24-Mar-19 00:41:03 - INFO: Processing Completed Successfully
PID:31456 - 24-Mar-19 00:41:03 - INFO: Retrieving the files in the input folder
PID:31456 - 24-Mar-19 00:41:03 - INFO: Processing completed for File: C:\Consensus\Input\RMO Table 2 RMO Column.csv
PID:31456 - 24-Mar-19 00:41:03 - INFO: Processing Completed Successfully
PID:31456 - 24-Mar-19 01:10:31 - INFO: Log file created
PID:31456 - 24-Mar-19 01:10:31 - INFO: Input and Output directories found
PID:31456 - 24-Mar-19 01:10:33 - INFO: Retrieving the files in the input folder
PID:31456 - 24-Mar-19 01:10:33 - INFO: Processing completed for File: C:\Consensus\Input\Empower.csv
PID:31456 - 24-Mar-19 01:10:33 - INFO: Processing Completed Successfully
PID:31456 - 24-Mar-19 01:10:33 - INFO: Retrieving the files in the input folder
PID:31456 - 24-Mar-19 01:10:33 - INFO: Processing completed for File: C:\Consensus\Input\RMO Columns.csv
PID:31456 - 24-Mar-19 01:10:33 - INFO: Processing Completed Successfully
PID:31456 - 24-Mar-19 01:10:33 - INFO: Retrieving the files in the input folder
PID:31456 - 24-Mar-19 01:10:33 - INFO: Processing completed for File: C:\Consensus\Input\RMO Table 2 RMO Column.csv
PID:31456 - 24-Mar-19 01:10:33 - INFO: Processing Completed Successfully
PID:31456 - 24-Mar-19 01:11:53 - INFO: Log file created
PID:31456 - 24-Mar-19 01:11:53 - INFO: Input and Output directories found
PID:31456 - 24-Mar-19 01:11:57 - INFO: Retrieving the files in the input folder
PID:31456 - 24-Mar-19 01:11:57 - INFO: Processing completed for File: C:\Consensus\Input\Empower.csv
PID:31456 - 24-Mar-19 01:11:57 - INFO: Processing Completed Successfully
PID:31456 - 24-Mar-19 01:11:57 - INFO: Retrieving the files in the input folder
PID:31456 - 24-Mar-19 01:11:57 - INFO: Processing completed for File: C:\Consensus\Input\RMO Columns.csv
PID:31456 - 24-Mar-19 01:11:57 - INFO: Processing Completed Successfully
PID:31456 - 24-Mar-19 01:11:57 - INFO: Retrieving the files in the input folder
PID:31456 - 24-Mar-19 01:11:57 - INFO: Processing completed for File: C:\Consensus\Input\RMO Table 2 RMO Column.csv
PID:31456 - 24-Mar-19 01:11:57 - INFO: Processing Completed Successfully
PID:31456 - 24-Mar-19 01:17:40 - INFO: Log file created
PID:31456 - 24-Mar-19 01:17:40 - INFO: Input and Output directories found
PID:31456 - 24-Mar-19 01:17:41 - INFO: Retrieving the files in the input folder
PID:31456 - 24-Mar-19 01:17:41 - INFO: Processing completed for File: C:\Consensus\Input\Empower.csv
PID:31456 - 24-Mar-19 01:17:41 - INFO: Processing Completed Successfully
PID:31456 - 24-Mar-19 01:17:41 - INFO: Retrieving the files in the input folder
PID:31456 - 24-Mar-19 01:17:41 - INFO: Processing completed for File: C:\Consensus\Input\RMO Columns.csv
PID:31456 - 24-Mar-19 01:17:41 - INFO: Processing Completed Successfully
PID:31456 - 24-Mar-19 01:17:41 - INFO: Retrieving the files in the input folder
PID:31456 - 24-Mar-19 01:17:41 - INFO: Processing completed for File: C:\Consensus\Input\RMO Table 2 RMO Column.csv
PID:31456 - 24-Mar-19 01:17:41 - INFO: Processing Completed Successfully
PID:31456 - 24-Mar-19 01:20:37 - INFO: Log file created
PID:31456 - 24-Mar-19 01:20:37 - INFO: Input and Output directories found
PID:31456 - 24-Mar-19 01:20:43 - INFO: Retrieving the files in the input folder
PID:31456 - 24-Mar-19 01:20:43 - INFO: Processing completed for File: C:\Consensus\Input\Empower.csv
PID:31456 - 24-Mar-19 01:20:43 - INFO: Processing Completed Successfully
PID:31456 - 24-Mar-19 01:20:43 - INFO: Retrieving the files in the input folder
PID:31456 - 24-Mar-19 01:20:43 - INFO: Processing completed for File: C:\Consensus\Input\RMO Columns.csv
PID:31456 - 24-Mar-19 01:20:43 - INFO: Processing Completed Successfully
PID:31456 - 24-Mar-19 01:20:43 - INFO: Retrieving the files in the input folder
PID:31456 - 24-Mar-19 01:20:44 - INFO: Processing completed for File: C:\Consensus\Input\RMO Table 2 RMO Column.csv
PID:31456 - 24-Mar-19 01:20:44 - INFO: Processing Completed Successfully
PID:31456 - 24-Mar-19 01:22:58 - INFO: Log file created
PID:31456 - 24-Mar-19 01:22:58 - INFO: Input and Output directories found
PID:31456 - 24-Mar-19 01:22:59 - INFO: Retrieving the files in the input folder
PID:31456 - 24-Mar-19 01:22:59 - INFO: Processing completed for File: C:\Consensus\Input\Empower.csv
PID:31456 - 24-Mar-19 01:22:59 - ERROR: Could not write the dataframe to csv
PID:31456 - 24-Mar-19 01:22:59 - ERROR: [Errno 2] No such file or directory: 'C:\\Consensus\\Outpu\\output_Empower.csv'
Traceback (most recent call last):
  File "<ipython-input-91-a3f70837fe71>", line 35, in <module>
    new_grp.to_csv(outfile, index = False)
  File "C:\Users\pasingh\AppData\Local\Continuum\anaconda3\lib\site-packages\pandas\core\frame.py", line 1745, in to_csv
    formatter.save()
  File "C:\Users\pasingh\AppData\Local\Continuum\anaconda3\lib\site-packages\pandas\io\formats\csvs.py", line 136, in save
    compression=None)
  File "C:\Users\pasingh\AppData\Local\Continuum\anaconda3\lib\site-packages\pandas\io\common.py", line 400, in _get_handle
    f = open(path_or_buf, mode, encoding=encoding)
FileNotFoundError: [Errno 2] No such file or directory: 'C:\\Consensus\\Outpu\\output_Empower.csv'
PID:31456 - 24-Mar-19 01:24:09 - INFO: Log file created
PID:31456 - 24-Mar-19 01:24:09 - INFO: Input and Output directories found
PID:31456 - 24-Mar-19 01:24:09 - INFO: Retrieving the files in the input folder
PID:31456 - 24-Mar-19 01:24:09 - INFO: Processing completed for File: C:\Consensus\Input\Empower.csv
PID:31456 - 24-Mar-19 01:24:09 - INFO: Processing Completed Successfully
PID:31456 - 24-Mar-19 01:24:09 - INFO: Retrieving the files in the input folder
PID:31456 - 24-Mar-19 01:24:09 - INFO: Processing completed for File: C:\Consensus\Input\RMO Columns.csv
PID:31456 - 24-Mar-19 01:24:09 - INFO: Processing Completed Successfully
PID:31456 - 24-Mar-19 01:24:09 - INFO: Retrieving the files in the input folder
PID:31456 - 24-Mar-19 01:24:09 - INFO: Processing completed for File: C:\Consensus\Input\RMO Table 2 RMO Column.csv
PID:31456 - 24-Mar-19 01:24:09 - INFO: Processing Completed Successfully
